<?xml version="1.0" encoding="UTF-8"?>
<!-- Generated by org.testng.reporters.JUnitReportReporter -->
<testsuite hostname="agil-5314" failures="0" tests="2" name="tests.searchResultTest" time="43.240" errors="0" timestamp="31 Jan 2024 09:15:13 GMT" skipped="0">
  <testcase classname="tests.searchResultTest" name="checkSearchResult" time="16.822"/>
  <testcase classname="tests.searchResultTest" name="checkLowestandHighestProduct" time="26.418"/>
</testsuite> <!-- tests.searchResultTest -->
