<?xml version="1.0" encoding="UTF-8"?>
<!-- Generated by org.testng.reporters.JUnitReportReporter -->
<testsuite hostname="agil-5314" failures="0" tests="2" name="tests.HomepageTest" time="2.168" errors="0" timestamp="31 Jan 2024 08:44:17 GMT" skipped="0">
  <testcase classname="tests.HomepageTest" name="validatePageURL" time="1.024"/>
  <testcase classname="tests.HomepageTest" name="checkSearchBox" time="1.144"/>
</testsuite> <!-- tests.HomepageTest -->
