<?xml version="1.0" encoding="UTF-8"?>
<!-- Generated by org.testng.reporters.JUnitReportReporter -->
<testsuite hostname="agil-5314" failures="0" tests="4" name="tests.CartPageTest" time="125.919" errors="0" timestamp="31 Jan 2024 09:18:48 GMT" skipped="0">
  <testcase classname="tests.CartPageTest" name="checkCartwithEmpty" time="7.584"/>
  <testcase classname="tests.CartPageTest" name="checkAddItemToCart" time="97.746"/>
  <testcase classname="tests.CartPageTest" name="checkCart" time="8.550"/>
  <testcase classname="tests.CartPageTest" name="deleteFromCart" time="12.039"/>
</testsuite> <!-- tests.CartPageTest -->
