<?xml version="1.0" encoding="UTF-8"?>
<!-- Generated by org.testng.reporters.JUnitReportReporter -->
<testsuite hostname="agil-5314" failures="0" tests="2" name="tests.searchResultTest" time="53.594" errors="0" timestamp="31 Jan 2024 09:18:48 GMT" skipped="0">
  <testcase classname="tests.searchResultTest" name="checkSearchResult" time="27.837"/>
  <testcase classname="tests.searchResultTest" name="checkLowestandHighestProduct" time="25.757"/>
</testsuite> <!-- tests.searchResultTest -->
