<?xml version="1.0" encoding="UTF-8"?>
<!-- Generated by org.testng.reporters.JUnitReportReporter -->
<testsuite hostname="agil-5314" failures="0" tests="2" name="tests.HomepageTest" time="2.958" errors="0" timestamp="31 Jan 2024 09:18:48 GMT" skipped="0">
  <testcase classname="tests.HomepageTest" name="validatePageURL" time="1.324"/>
  <testcase classname="tests.HomepageTest" name="checkSearchBox" time="1.634"/>
</testsuite> <!-- tests.HomepageTest -->
